<!DOCTYPE html PUBLIC "-//W3C//DTD XHTML 1.1//EN" "https://www.w3.org/TR/xhtml11/DTD/xhtml11.dtd">
<html xmlns="https://www.w3.org/1999/xhtml">
<head>
<meta http-equiv="content-type" content="text/html; charset=UTF-8"/>
<title>TestNG Report</title>
<style type="text/css">table {margin-bottom:10px;border-collapse:collapse;empty-cells:show}th,td {border:1px solid #009;padding:.25em .5em}th {vertical-align:bottom}td {vertical-align:top}table a {font-weight:bold}.stripe td {background-color: #E6EBF9}.num {text-align:right}.passedodd td {background-color: #3F3}.passedeven td {background-color: #0A0}.skippedodd td {background-color: #DDD}.skippedeven td {background-color: #CCC}.failedodd td,.attn {background-color: #F33}.failedeven td,.stripe .attn {background-color: #D00}.stacktrace {white-space:pre;font-family:monospace}.totop {font-size:85%;text-align:center;border-bottom:2px solid #000}.invisible {display:none}</style>
</head>
<body>
<table>
<tr><th>Test</th><th># Passed</th><th># Skipped</th><th># Retried</th><th># Failed</th><th>Time (ms)</th><th>Included Groups</th><th>Excluded Groups</th></tr>
<tr><th colspan="8">IMPSuite</th></tr>
<tr><td><a href="#t0">allTest</a></td><td class="num">1</td><td class="num">0</td><td class="num">0</td><td class="num attn">2</td><td class="num">36,587</td><td></td><td></td></tr>
</table>
<table id='summary'><thead><tr><th>Class</th><th>Method</th><th>Start</th><th>Time (ms)</th></tr></thead><tbody><tr><th colspan="4">IMPSuite</th></tr></tbody><tbody id="t0"><tr><th colspan="4">allTest &#8212; failed</th></tr><tr class="failedeven"><td rowspan="1">com.testclass.saucedemo.TS_Login_function</td><td><a href="#m0">loginfunction</a></td><td rowspan="1">1650171368569</td><td rowspan="1">75</td></tr><tr class="failedodd"><td rowspan="1">com.testclass.saucedemo.TS_addcart_function</td><td><a href="#m1">addcartfunctionality</a></td><td rowspan="1">1650171379891</td><td rowspan="1">5556</td></tr><tr><th colspan="4">allTest &#8212; passed</th></tr><tr class="passedeven"><td rowspan="1">com.testclass.saucedemo.TS_addcart_function</td><td><a href="#m2">clickiconfunction</a></td><td rowspan="1">1650171389812</td><td rowspan="1">4181</td></tr></tbody>
</table>
<h2>allTest</h2><h3 id="m0">com.testclass.saucedemo.TS_Login_function#loginfunction</h3><table class="result"><tr><th>Exception</th></tr><tr><td><div class="stacktrace">java.lang.AssertionError: expected [://www.saucedemo.com/inventory.html] but found [https://www.saucedemo.com/inventory.html]
	at com.testclass.saucedemo.TS_Login_function.loginfunction(TS_Login_function.java:34)
	at java.base/java.util.ArrayList.forEach(ArrayList.java:1511)
... Removed 33 stack frames</div></td></tr></table><p class="totop"><a href="#summary">back to summary</a></p>
<h3 id="m1">com.testclass.saucedemo.TS_addcart_function#addcartfunctionality</h3><table class="result"><tr><th>Exception</th></tr><tr><td><div class="stacktrace">java.lang.AssertionError: test case failed expected [EMOVE] but found [REMOVE]
	at com.testclass.saucedemo.TS_addcart_function.addcartfunctionality(TS_addcart_function.java:57)
	at java.base/java.util.ArrayList.forEach(ArrayList.java:1511)
... Removed 32 stack frames</div></td></tr></table><p class="totop"><a href="#summary">back to summary</a></p>
<h3 id="m2">com.testclass.saucedemo.TS_addcart_function#clickiconfunction</h3><table class="result"><tr><th class="invisible"/></tr></table><p class="totop"><a href="#summary">back to summary</a></p>
</body>
</html>
