<?xml version="1.0" encoding="UTF-8"?>
<testng-results ignored="0" total="3" passed="1" failed="2" skipped="0">
  <reporter-output>
  </reporter-output>
  <suite started-at="2022-04-17T10:25:58 IST" name="IMPSuite" finished-at="2022-04-17T10:26:34 IST" duration-ms="36587">
    <groups>
    </groups>
    <test started-at="2022-04-17T10:25:58 IST" name="allTest" finished-at="2022-04-17T10:26:34 IST" duration-ms="36587">
      <class name="com.testclass.saucedemo.TS_addcart_function">
        <test-method is-config="true" signature="Url(java.lang.String)[pri:0, instance:com.testclass.saucedemo.TS_addcart_function@3d74bf60]" started-at="2022-04-17T10:26:09 IST" name="Url" finished-at="2022-04-17T10:26:16 IST" duration-ms="6440" status="PASS">
          <params>
            <param index="0">
              <value>
                <![CDATA[chrome]]>
              </value>
            </param>
          </params>
          <reporter-output>
          </reporter-output>
        </test-method> <!-- Url -->
        <test-method is-config="true" signature="loginmethod()[pri:0, instance:com.testclass.saucedemo.TS_addcart_function@3d74bf60]" started-at="2022-04-17T10:26:16 IST" name="loginmethod" finished-at="2022-04-17T10:26:19 IST" duration-ms="3583" status="PASS">
          <reporter-output>
          </reporter-output>
        </test-method> <!-- loginmethod -->
        <test-method signature="addcartfunctionality()[pri:0, instance:com.testclass.saucedemo.TS_addcart_function@3d74bf60]" started-at="2022-04-17T10:26:19 IST" name="addcartfunctionality" finished-at="2022-04-17T10:26:25 IST" duration-ms="5556" status="FAIL">
          <exception class="java.lang.AssertionError">
            <message>
              <![CDATA[test case failed expected [EMOVE] but found [REMOVE]]]>
            </message>
            <full-stacktrace>
              <![CDATA[java.lang.AssertionError: test case failed expected [EMOVE] but found [REMOVE]
at org.testng.Assert.fail(Assert.java:99)
at org.testng.Assert.failNotEquals(Assert.java:1037)
at org.testng.Assert.assertEqualsImpl(Assert.java:140)
at org.testng.Assert.assertEquals(Assert.java:122)
at org.testng.Assert.assertEquals(Assert.java:629)
at com.testclass.saucedemo.TS_addcart_function.addcartfunctionality(TS_addcart_function.java:57)
at java.base/jdk.internal.reflect.NativeMethodAccessorImpl.invoke0(Native Method)
at java.base/jdk.internal.reflect.NativeMethodAccessorImpl.invoke(NativeMethodAccessorImpl.java:77)
at java.base/jdk.internal.reflect.DelegatingMethodAccessorImpl.invoke(DelegatingMethodAccessorImpl.java:43)
at java.base/java.lang.reflect.Method.invoke(Method.java:568)
at org.testng.internal.MethodInvocationHelper.invokeMethod(MethodInvocationHelper.java:133)
at org.testng.internal.TestInvoker.invokeMethod(TestInvoker.java:598)
at org.testng.internal.TestInvoker.invokeTestMethod(TestInvoker.java:173)
at org.testng.internal.MethodRunner.runInSequence(MethodRunner.java:46)
at org.testng.internal.TestInvoker$MethodInvocationAgent.invoke(TestInvoker.java:824)
at org.testng.internal.TestInvoker.invokeTestMethods(TestInvoker.java:146)
at org.testng.internal.TestMethodWorker.invokeTestMethods(TestMethodWorker.java:146)
at org.testng.internal.TestMethodWorker.run(TestMethodWorker.java:128)
at java.base/java.util.ArrayList.forEach(ArrayList.java:1511)
at org.testng.TestRunner.privateRun(TestRunner.java:794)
at org.testng.TestRunner.run(TestRunner.java:596)
at org.testng.SuiteRunner.runTest(SuiteRunner.java:377)
at org.testng.SuiteRunner.runSequentially(SuiteRunner.java:371)
at org.testng.SuiteRunner.privateRun(SuiteRunner.java:332)
at org.testng.SuiteRunner.run(SuiteRunner.java:276)
at org.testng.SuiteRunnerWorker.runSuite(SuiteRunnerWorker.java:53)
at org.testng.SuiteRunnerWorker.run(SuiteRunnerWorker.java:96)
at org.testng.TestNG.runSuitesSequentially(TestNG.java:1212)
at org.testng.TestNG.runSuitesLocally(TestNG.java:1134)
at org.testng.TestNG.runSuites(TestNG.java:1063)
at org.testng.TestNG.run(TestNG.java:1031)
at org.testng.remote.AbstractRemoteTestNG.run(AbstractRemoteTestNG.java:115)
at org.testng.remote.RemoteTestNG.initAndRun(RemoteTestNG.java:251)
at org.testng.remote.RemoteTestNG.main(RemoteTestNG.java:77)
]]>
            </full-stacktrace>
          </exception> <!-- java.lang.AssertionError -->
          <reporter-output>
          </reporter-output>
        </test-method> <!-- addcartfunctionality -->
        <test-method is-config="true" signature="logoutmethod()[pri:0, instance:com.testclass.saucedemo.TS_addcart_function@3d74bf60]" started-at="2022-04-17T10:26:25 IST" name="logoutmethod" finished-at="2022-04-17T10:26:26 IST" duration-ms="462" status="PASS">
          <reporter-output>
          </reporter-output>
        </test-method> <!-- logoutmethod -->
        <test-method is-config="true" signature="loginmethod()[pri:0, instance:com.testclass.saucedemo.TS_addcart_function@3d74bf60]" started-at="2022-04-17T10:26:26 IST" name="loginmethod" finished-at="2022-04-17T10:26:29 IST" duration-ms="3408" status="PASS">
          <reporter-output>
          </reporter-output>
        </test-method> <!-- loginmethod -->
        <test-method signature="clickiconfunction()[pri:0, instance:com.testclass.saucedemo.TS_addcart_function@3d74bf60]" started-at="2022-04-17T10:26:29 IST" name="clickiconfunction" finished-at="2022-04-17T10:26:33 IST" duration-ms="4181" status="PASS">
          <reporter-output>
          </reporter-output>
        </test-method> <!-- clickiconfunction -->
        <test-method is-config="true" signature="logoutmethod()[pri:0, instance:com.testclass.saucedemo.TS_addcart_function@3d74bf60]" started-at="2022-04-17T10:26:33 IST" name="logoutmethod" finished-at="2022-04-17T10:26:34 IST" duration-ms="214" status="PASS">
          <reporter-output>
          </reporter-output>
        </test-method> <!-- logoutmethod -->
        <test-method is-config="true" signature="closebrowser()[pri:0, instance:com.testclass.saucedemo.TS_addcart_function@3d74bf60]" started-at="2022-04-17T10:26:34 IST" name="closebrowser" finished-at="2022-04-17T10:26:34 IST" duration-ms="515" status="PASS">
          <reporter-output>
          </reporter-output>
        </test-method> <!-- closebrowser -->
      </class> <!-- com.testclass.saucedemo.TS_addcart_function -->
      <class name="com.testclass.saucedemo.TS_Login_function">
        <test-method is-config="true" signature="Url(java.lang.String)[pri:0, instance:com.testclass.saucedemo.TS_Login_function@635eaaf1]" started-at="2022-04-17T10:25:58 IST" name="Url" finished-at="2022-04-17T10:26:04 IST" duration-ms="6777" status="PASS">
          <params>
            <param index="0">
              <value>
                <![CDATA[chrome]]>
              </value>
            </param>
          </params>
          <reporter-output>
          </reporter-output>
        </test-method> <!-- Url -->
        <test-method is-config="true" signature="loginmethod()[pri:0, instance:com.testclass.saucedemo.TS_Login_function@635eaaf1]" started-at="2022-04-17T10:26:05 IST" name="loginmethod" finished-at="2022-04-17T10:26:08 IST" duration-ms="3542" status="PASS">
          <reporter-output>
          </reporter-output>
        </test-method> <!-- loginmethod -->
        <test-method signature="loginfunction()[pri:0, instance:com.testclass.saucedemo.TS_Login_function@635eaaf1]" started-at="2022-04-17T10:26:08 IST" name="loginfunction" finished-at="2022-04-17T10:26:08 IST" duration-ms="75" status="FAIL">
          <exception class="java.lang.AssertionError">
            <message>
              <![CDATA[expected [://www.saucedemo.com/inventory.html] but found [https://www.saucedemo.com/inventory.html]]]>
            </message>
            <full-stacktrace>
              <![CDATA[java.lang.AssertionError: expected [://www.saucedemo.com/inventory.html] but found [https://www.saucedemo.com/inventory.html]
at org.testng.Assert.fail(Assert.java:99)
at org.testng.Assert.failNotEquals(Assert.java:1037)
at org.testng.Assert.assertEqualsImpl(Assert.java:140)
at org.testng.Assert.assertEquals(Assert.java:122)
at org.testng.Assert.assertEquals(Assert.java:629)
at org.testng.Assert.assertEquals(Assert.java:639)
at com.testclass.saucedemo.TS_Login_function.loginfunction(TS_Login_function.java:34)
at java.base/jdk.internal.reflect.NativeMethodAccessorImpl.invoke0(Native Method)
at java.base/jdk.internal.reflect.NativeMethodAccessorImpl.invoke(NativeMethodAccessorImpl.java:77)
at java.base/jdk.internal.reflect.DelegatingMethodAccessorImpl.invoke(DelegatingMethodAccessorImpl.java:43)
at java.base/java.lang.reflect.Method.invoke(Method.java:568)
at org.testng.internal.MethodInvocationHelper.invokeMethod(MethodInvocationHelper.java:133)
at org.testng.internal.TestInvoker.invokeMethod(TestInvoker.java:598)
at org.testng.internal.TestInvoker.invokeTestMethod(TestInvoker.java:173)
at org.testng.internal.MethodRunner.runInSequence(MethodRunner.java:46)
at org.testng.internal.TestInvoker$MethodInvocationAgent.invoke(TestInvoker.java:824)
at org.testng.internal.TestInvoker.invokeTestMethods(TestInvoker.java:146)
at org.testng.internal.TestMethodWorker.invokeTestMethods(TestMethodWorker.java:146)
at org.testng.internal.TestMethodWorker.run(TestMethodWorker.java:128)
at java.base/java.util.ArrayList.forEach(ArrayList.java:1511)
at org.testng.TestRunner.privateRun(TestRunner.java:794)
at org.testng.TestRunner.run(TestRunner.java:596)
at org.testng.SuiteRunner.runTest(SuiteRunner.java:377)
at org.testng.SuiteRunner.runSequentially(SuiteRunner.java:371)
at org.testng.SuiteRunner.privateRun(SuiteRunner.java:332)
at org.testng.SuiteRunner.run(SuiteRunner.java:276)
at org.testng.SuiteRunnerWorker.runSuite(SuiteRunnerWorker.java:53)
at org.testng.SuiteRunnerWorker.run(SuiteRunnerWorker.java:96)
at org.testng.TestNG.runSuitesSequentially(TestNG.java:1212)
at org.testng.TestNG.runSuitesLocally(TestNG.java:1134)
at org.testng.TestNG.runSuites(TestNG.java:1063)
at org.testng.TestNG.run(TestNG.java:1031)
at org.testng.remote.AbstractRemoteTestNG.run(AbstractRemoteTestNG.java:115)
at org.testng.remote.RemoteTestNG.initAndRun(RemoteTestNG.java:251)
at org.testng.remote.RemoteTestNG.main(RemoteTestNG.java:77)
]]>
            </full-stacktrace>
          </exception> <!-- java.lang.AssertionError -->
          <reporter-output>
          </reporter-output>
        </test-method> <!-- loginfunction -->
        <test-method is-config="true" signature="logoutmethod()[pri:0, instance:com.testclass.saucedemo.TS_Login_function@635eaaf1]" started-at="2022-04-17T10:26:09 IST" name="logoutmethod" finished-at="2022-04-17T10:26:09 IST" duration-ms="283" status="PASS">
          <reporter-output>
          </reporter-output>
        </test-method> <!-- logoutmethod -->
        <test-method is-config="true" signature="closebrowser()[pri:0, instance:com.testclass.saucedemo.TS_Login_function@635eaaf1]" started-at="2022-04-17T10:26:09 IST" name="closebrowser" finished-at="2022-04-17T10:26:09 IST" duration-ms="329" status="PASS">
          <reporter-output>
          </reporter-output>
        </test-method> <!-- closebrowser -->
      </class> <!-- com.testclass.saucedemo.TS_Login_function -->
    </test> <!-- allTest -->
  </suite> <!-- IMPSuite -->
</testng-results>
