<?xml version="1.0" encoding="UTF-8"?>
<!-- Generated by org.testng.reporters.JUnitXMLReporter -->
<testsuite ignored="0" hostname="DESKTOP-PH7A22V" failures="2" tests="3" name="allTest" time="36.587" errors="0" timestamp="2022-04-17T10:26:34 IST">
  <testcase classname="com.testclass.saucedemo.TS_Login_function" name="loginfunction" time="0.075">
    <failure type="java.lang.AssertionError" message="expected [://www.saucedemo.com/inventory.html] but found [https://www.saucedemo.com/inventory.html]">
      <![CDATA[java.lang.AssertionError: expected [://www.saucedemo.com/inventory.html] but found [https://www.saucedemo.com/inventory.html]
at com.testclass.saucedemo.TS_Login_function.loginfunction(TS_Login_function.java:34)
at java.base/java.util.ArrayList.forEach(ArrayList.java:1511)
... Removed 33 stack frames]]>
    </failure>
  </testcase> <!-- loginfunction -->
  <testcase classname="com.testclass.saucedemo.TS_addcart_function" name="addcartfunctionality" time="5.556">
    <failure type="java.lang.AssertionError" message="test case failed expected [EMOVE] but found [REMOVE]">
      <![CDATA[java.lang.AssertionError: test case failed expected [EMOVE] but found [REMOVE]
at com.testclass.saucedemo.TS_addcart_function.addcartfunctionality(TS_addcart_function.java:57)
at java.base/java.util.ArrayList.forEach(ArrayList.java:1511)
... Removed 32 stack frames]]>
    </failure>
  </testcase> <!-- addcartfunctionality -->
  <testcase classname="com.testclass.saucedemo.TS_addcart_function" name="clickiconfunction" time="4.181"/>
</testsuite> <!-- allTest -->
